2025-02-10 11:53:45.493 | INFO     | utils_logger:<module>:41 - Logging to file: logs\project_log.log
2025-02-10 11:56:10.678 | INFO     | utils_logger:<module>:41 - Logging to file: logs\project_log.log
2025-02-10 11:56:10.679 | INFO     | __main__:create_db:14 - Database created: project.sqlite3
2025-02-10 11:56:10.684 | INFO     | __main__:drop_tables:26 - Tables dropped
2025-02-10 11:56:10.687 | INFO     | __main__:create_tables:41 - Tables created
2025-02-10 12:11:57.848 | INFO     | utils_logger:<module>:41 - Logging to file: logs\project_log.log
2025-02-10 12:11:57.849 | INFO     | __main__:create_db:14 - Database created: project.sqlite3
2025-02-10 12:11:57.853 | INFO     | __main__:drop_tables:26 - Tables dropped
2025-02-10 12:11:57.857 | INFO     | __main__:create_tables:41 - Tables created
2025-02-10 12:11:57.860 | ERROR    | __main__:insert_data:55 - Error inserting data:
2025-02-10 12:14:04.534 | INFO     | utils_logger:<module>:41 - Logging to file: logs\project_log.log
2025-02-10 12:14:04.534 | INFO     | __main__:create_db:14 - Database created: project.sqlite3
2025-02-10 12:14:04.539 | INFO     | __main__:drop_tables:26 - Tables dropped
2025-02-10 12:14:04.543 | INFO     | __main__:create_tables:41 - Tables created
2025-02-10 12:14:04.545 | ERROR    | __main__:insert_data:55 - Error inserting data:
2025-02-10 12:14:25.371 | INFO     | utils_logger:<module>:41 - Logging to file: logs\project_log.log
2025-02-10 12:14:25.372 | INFO     | __main__:create_db:14 - Database created: project.sqlite3
2025-02-10 12:14:25.377 | INFO     | __main__:drop_tables:26 - Tables dropped
2025-02-10 12:14:25.380 | INFO     | __main__:create_tables:41 - Tables created
2025-02-10 12:14:25.382 | ERROR    | __main__:insert_data:55 - Error inserting data:
2025-02-10 12:16:41.588 | INFO     | utils_logger:<module>:41 - Logging to file: logs\project_log.log
2025-02-10 12:16:41.588 | INFO     | __main__:create_db:14 - Database created: project.sqlite3
2025-02-10 12:16:41.593 | INFO     | __main__:drop_tables:26 - Tables dropped
2025-02-10 12:16:41.596 | INFO     | __main__:create_tables:41 - Tables created
2025-02-11 08:18:07.689 | INFO     | utils_logger:<module>:41 - Logging to file: logs\project_log.log
2025-02-11 08:18:07.692 | INFO     | __main__:update_db:15 - Database updated
2025-02-11 12:31:54.946 | INFO     | utils_logger:<module>:41 - Logging to file: logs\project_log.log
2025-02-11 12:31:54.946 | INFO     | __main__:create_db:14 - Database created: project.sqlite3
2025-02-11 12:31:54.950 | INFO     | __main__:drop_tables:27 - Tables dropped
2025-02-11 12:31:54.953 | INFO     | __main__:create_tables:42 - Tables created
2025-02-11 12:32:16.571 | INFO     | utils_logger:<module>:41 - Logging to file: logs\project_log.log
2025-02-11 12:32:16.577 | ERROR    | __main__:update_db:17 - Error updating database:
2025-02-11 12:35:17.250 | INFO     | utils_logger:<module>:41 - Logging to file: logs\project_log.log
2025-02-11 12:35:17.250 | INFO     | __main__:create_db:14 - Database created: project.sqlite3
2025-02-11 12:35:17.254 | INFO     | __main__:drop_tables:27 - Tables dropped
2025-02-11 12:35:17.257 | INFO     | __main__:create_tables:42 - Tables created
2025-02-11 12:35:32.837 | INFO     | utils_logger:<module>:41 - Logging to file: logs\project_log.log
2025-02-11 12:35:32.853 | INFO     | __main__:update_db:15 - Database updated
2025-02-11 14:37:41.858 | INFO     | utils_logger:<module>:41 - Logging to file: logs\project_log.log
2025-02-11 14:37:41.859 | INFO     | __main__:create_db:14 - Database created: project.sqlite3
2025-02-11 14:37:41.863 | INFO     | __main__:drop_tables:27 - Tables dropped
2025-02-11 14:37:41.867 | INFO     | __main__:create_tables:42 - Tables created
2025-02-11 14:38:03.333 | INFO     | utils_logger:<module>:41 - Logging to file: logs\project_log.log
2025-02-11 14:38:03.356 | INFO     | __main__:update_db:15 - Database updated
2025-02-11 14:38:03.357 | INFO     | __main__:delete_db:28 - Record deleted
2025-02-11 14:39:27.767 | INFO     | utils_logger:<module>:41 - Logging to file: logs\project_log.log
2025-02-11 14:39:27.768 | INFO     | __main__:create_db:14 - Database created: project.sqlite3
2025-02-11 14:39:27.772 | INFO     | __main__:drop_tables:27 - Tables dropped
2025-02-11 14:39:27.776 | INFO     | __main__:create_tables:42 - Tables created
2025-02-11 14:39:30.673 | INFO     | utils_logger:<module>:41 - Logging to file: logs\project_log.log
2025-02-11 14:39:30.693 | INFO     | __main__:update_db:15 - Database updated
2025-02-11 14:39:30.696 | INFO     | __main__:delete_db:28 - Record deleted
2025-02-12 09:30:04.911 | INFO     | utils_logger:<module>:41 - Logging to file: logs\project_log.log
2025-02-12 09:30:04.911 | INFO     | __main__:create_db:14 - Database created: project.sqlite3
2025-02-12 09:30:04.917 | INFO     | __main__:drop_tables:27 - Tables dropped
2025-02-12 09:30:04.920 | INFO     | __main__:create_tables:42 - Tables created
2025-02-12 09:30:09.995 | INFO     | utils_logger:<module>:41 - Logging to file: logs\project_log.log
2025-02-12 09:30:10.031 | INFO     | __main__:update_db:15 - Database updated
2025-02-12 09:30:10.035 | INFO     | __main__:delete_db:28 - Record deleted
2025-02-12 09:32:39.203 | INFO     | utils_logger:<module>:41 - Logging to file: logs\project_log.log
2025-02-12 09:32:39.204 | INFO     | __main__:create_db:14 - Database created: project.sqlite3
2025-02-12 09:32:39.209 | INFO     | __main__:drop_tables:27 - Tables dropped
2025-02-12 09:32:39.213 | INFO     | __main__:create_tables:42 - Tables created
2025-02-12 09:32:44.875 | INFO     | utils_logger:<module>:41 - Logging to file: logs\project_log.log
2025-02-12 09:32:44.907 | INFO     | __main__:update_db:15 - Database updated
2025-02-12 09:32:44.911 | INFO     | __main__:delete_db:28 - Record deleted
2025-02-12 09:40:54.816 | INFO     | utils_logger:<module>:41 - Logging to file: logs\project_log.log
2025-02-12 09:40:54.816 | INFO     | __main__:create_db:14 - Database created: project.sqlite3
2025-02-12 09:40:54.820 | INFO     | __main__:drop_tables:27 - Tables dropped
2025-02-12 09:40:54.824 | INFO     | __main__:create_tables:42 - Tables created
2025-02-12 09:40:58.147 | INFO     | utils_logger:<module>:41 - Logging to file: logs\project_log.log
2025-02-12 09:40:58.180 | INFO     | __main__:update_db:15 - Database updated
2025-02-12 09:40:58.184 | INFO     | __main__:delete_db:28 - Record deleted
2025-02-12 09:41:11.962 | INFO     | utils_logger:<module>:41 - Logging to file: logs\project_log.log
2025-02-12 09:41:11.963 | ERROR    | __main__:aggregation:18 - Error performing aggregation:
2025-02-12 09:44:21.587 | INFO     | utils_logger:<module>:41 - Logging to file: logs\project_log.log
2025-02-12 09:44:21.588 | ERROR    | __main__:aggregation:19 - Error performing aggregation:
2025-02-12 09:47:16.132 | INFO     | utils_logger:<module>:41 - Logging to file: logs\project_log.log
2025-02-12 09:47:16.133 | ERROR    | __main__:aggregation:19 - Error performing aggregation:
2025-02-12 09:50:01.994 | INFO     | utils_logger:<module>:41 - Logging to file: logs\project_log.log
2025-02-12 09:50:01.994 | ERROR    | __main__:aggregation:25 - Error performing aggregation:
2025-02-12 09:50:43.226 | INFO     | utils_logger:<module>:41 - Logging to file: logs\project_log.log
2025-02-12 09:52:10.395 | INFO     | utils_logger:<module>:41 - Logging to file: logs\project_log.log
2025-02-12 09:52:10.396 | ERROR    | __main__:aggregation:25 - Error performing aggregation:
2025-02-12 09:54:27.651 | INFO     | utils_logger:<module>:41 - Logging to file: logs\project_log.log
2025-02-12 09:54:27.652 | ERROR    | __main__:aggregation:21 - Error performing aggregation:
2025-02-12 09:54:31.315 | INFO     | utils_logger:<module>:41 - Logging to file: logs\project_log.log
2025-02-12 09:54:31.315 | INFO     | __main__:create_db:14 - Database created: project.sqlite3
2025-02-12 09:54:31.353 | INFO     | __main__:drop_tables:27 - Tables dropped
2025-02-12 09:54:31.359 | INFO     | __main__:create_tables:42 - Tables created
2025-02-12 09:54:34.399 | INFO     | utils_logger:<module>:41 - Logging to file: logs\project_log.log
2025-02-12 09:54:34.435 | INFO     | __main__:update_db:15 - Database updated
2025-02-12 09:54:34.440 | INFO     | __main__:delete_db:28 - Record deleted
2025-02-12 09:54:39.035 | INFO     | utils_logger:<module>:41 - Logging to file: logs\project_log.log
2025-02-12 09:54:39.036 | ERROR    | __main__:aggregation:21 - Error performing aggregation:
2025-02-12 09:56:51.489 | INFO     | utils_logger:<module>:41 - Logging to file: logs\project_log.log
2025-02-12 09:56:51.490 | ERROR    | __main__:aggregation:21 - Error performing aggregation:
2025-02-12 09:57:29.915 | INFO     | utils_logger:<module>:41 - Logging to file: logs\project_log.log
2025-02-12 10:06:06.875 | INFO     | utils_logger:<module>:41 - Logging to file: logs\project_log.log
2025-02-12 10:06:06.876 | INFO     | __main__:create_db:14 - Database created: project.sqlite3
2025-02-12 10:06:06.880 | INFO     | __main__:drop_tables:27 - Tables dropped
2025-02-12 10:06:06.884 | INFO     | __main__:create_tables:42 - Tables created
2025-02-12 10:06:09.664 | INFO     | utils_logger:<module>:41 - Logging to file: logs\project_log.log
2025-02-12 10:06:09.718 | INFO     | __main__:update_db:15 - Database updated
2025-02-12 10:06:09.722 | INFO     | __main__:delete_db:28 - Record deleted
2025-02-12 10:06:33.808 | INFO     | utils_logger:<module>:41 - Logging to file: logs\project_log.log
2025-02-12 10:06:33.809 | INFO     | __main__:aggregation:34 - Aggreation performed: -- Count all books
SELECT COUNT(*) AS num_books
FROM books
2025-02-12 10:06:33.809 | INFO     | __main__:aggregation:34 - Aggreation performed: 

-- Count all authors
SELECT COUNT(*) AS num_authors
FROM authors
2025-02-12 10:06:33.809 | INFO     | __main__:aggregation:34 - Aggreation performed: 

-- Sum up the number of pages in all books
SELECT SUM(num_pages) AS total_pages
FROM books
2025-02-12 10:06:33.810 | INFO     | __main__:aggregation:34 - Aggreation performed: 

-- Find the average number of pages in all books
SELECT AVG(num_pages) AS avg_pages
FROM books
2025-02-12 10:06:33.810 | INFO     | __main__:aggregation:34 - Aggreation performed: 
2025-02-12 10:06:33.810 | INFO     | __main__:aggregation:35 - All aggregations performed
2025-02-12 10:07:40.445 | INFO     | utils_logger:<module>:41 - Logging to file: logs\project_log.log
2025-02-12 10:07:40.446 | INFO     | __main__:aggregation:34 - Aggreation performed: -- Count all books
SELECT COUNT(*) AS num_books
FROM books
2025-02-12 10:07:40.447 | INFO     | __main__:aggregation:34 - Aggreation performed: 

-- Count all authors
SELECT COUNT(*) AS num_authors
FROM authors
2025-02-12 10:07:40.447 | INFO     | __main__:aggregation:34 - Aggreation performed: 

-- Sum up the number of pages in all books
SELECT SUM(num_pages) AS total_pages
FROM books
2025-02-12 10:07:40.447 | INFO     | __main__:aggregation:34 - Aggreation performed: 

-- Find the average number of pages in all books
SELECT AVG(num_pages) AS avg_pages
FROM books
2025-02-12 10:07:40.447 | INFO     | __main__:aggregation:34 - Aggreation performed: 
2025-02-12 10:07:40.448 | INFO     | __main__:aggregation:36 - All aggregations performed
2025-02-12 10:07:57.921 | INFO     | utils_logger:<module>:41 - Logging to file: logs\project_log.log
2025-02-12 10:07:57.922 | INFO     | __main__:aggregation:34 - Aggreation performed: -- Count all books
SELECT COUNT(*) AS num_books
FROM books
2025-02-12 10:07:57.925 | INFO     | __main__:aggregation:34 - Aggreation performed: 

-- Count all authors
SELECT COUNT(*) AS num_authors
FROM authors
2025-02-12 10:07:57.926 | INFO     | __main__:aggregation:34 - Aggreation performed: 

-- Sum up the number of pages in all books
SELECT SUM(num_pages) AS total_pages
FROM books
2025-02-12 10:07:57.926 | INFO     | __main__:aggregation:34 - Aggreation performed: 

-- Find the average number of pages in all books
SELECT AVG(num_pages) AS avg_pages
FROM books
2025-02-12 10:07:57.927 | INFO     | __main__:aggregation:34 - Aggreation performed: 
2025-02-12 10:07:57.927 | INFO     | __main__:aggregation:36 - All aggregations performed
2025-02-12 10:11:12.189 | INFO     | utils_logger:<module>:41 - Logging to file: logs\project_log.log
2025-02-12 10:11:12.190 | INFO     | __main__:aggregation:35 - Aggreation performed: -- Count all books
SELECT COUNT(*) AS num_books
FROM books
2025-02-12 10:11:12.193 | INFO     | __main__:aggregation:35 - Aggreation performed: 

-- Count all authors
SELECT COUNT(*) AS num_authors
FROM authors
2025-02-12 10:11:12.194 | INFO     | __main__:aggregation:35 - Aggreation performed: 

-- Sum up the number of pages in all books
SELECT SUM(num_pages) AS total_pages
FROM books
2025-02-12 10:11:12.195 | INFO     | __main__:aggregation:35 - Aggreation performed: 

-- Find the average number of pages in all books
SELECT AVG(num_pages) AS avg_pages
FROM books
2025-02-12 10:12:55.591 | INFO     | utils_logger:<module>:41 - Logging to file: logs\project_log.log
2025-02-12 10:12:55.593 | INFO     | __main__:aggregation:36 - Aggreation performed: -- Count all books
SELECT COUNT(*) AS num_books
FROM books
2025-02-12 10:12:55.596 | INFO     | __main__:aggregation:36 - Aggreation performed: 

-- Count all authors
SELECT COUNT(*) AS num_authors
FROM authors
2025-02-12 10:12:55.597 | INFO     | __main__:aggregation:36 - Aggreation performed: 

-- Sum up the number of pages in all books
SELECT SUM(num_pages) AS total_pages
FROM books
2025-02-12 10:12:55.599 | INFO     | __main__:aggregation:36 - Aggreation performed: 

-- Find the average number of pages in all books
SELECT AVG(num_pages) AS avg_pages
FROM books
2025-02-12 10:14:28.634 | INFO     | utils_logger:<module>:41 - Logging to file: logs\project_log.log
2025-02-12 10:14:28.635 | INFO     | __main__:aggregation:37 - Aggreation performed: -- Count all books
SELECT COUNT(*) AS num_books
FROM books
2025-02-12 10:14:28.638 | INFO     | __main__:aggregation:37 - Aggreation performed: 

-- Count all authors
SELECT COUNT(*) AS num_authors
FROM authors
2025-02-12 10:14:28.639 | INFO     | __main__:aggregation:37 - Aggreation performed: 

-- Sum up the number of pages in all books
SELECT SUM(num_pages) AS total_pages
FROM books
2025-02-12 10:14:28.640 | INFO     | __main__:aggregation:37 - Aggreation performed: 

-- Find the average number of pages in all books
SELECT AVG(num_pages) AS avg_pages
FROM books
2025-02-12 10:14:28.642 | INFO     | __main__:aggregation:39 - All aggregations performed
2025-02-12 10:15:44.961 | INFO     | utils_logger:<module>:41 - Logging to file: logs\project_log.log
2025-02-12 10:15:44.963 | INFO     | __main__:aggregation:37 - Aggreation performed: -- Count all books
SELECT COUNT(*) AS num_books
FROM books
2025-02-12 10:15:44.963 | INFO     | __main__:aggregation:37 - Aggreation performed: 

-- Count all authors
SELECT COUNT(*) AS num_authors
FROM authors
2025-02-12 10:15:44.963 | INFO     | __main__:aggregation:37 - Aggreation performed: 

-- Sum up the number of pages in all books
SELECT SUM(num_pages) AS total_pages
FROM books
2025-02-12 10:15:44.964 | INFO     | __main__:aggregation:37 - Aggreation performed: 

-- Find the average number of pages in all books
SELECT AVG(num_pages) AS avg_pages
FROM books
2025-02-12 10:15:44.964 | INFO     | __main__:aggregation:40 - All aggregations performed
2025-02-12 10:16:13.195 | INFO     | utils_logger:<module>:41 - Logging to file: logs\project_log.log
2025-02-12 10:16:13.197 | INFO     | __main__:aggregation:37 - Aggreation performed: -- Count all books
SELECT COUNT(*) AS num_books
FROM books
2025-02-12 10:16:13.197 | INFO     | __main__:aggregation:37 - Aggreation performed: 

-- Count all authors
SELECT COUNT(*) AS num_authors
FROM authors
2025-02-12 10:16:13.198 | INFO     | __main__:aggregation:37 - Aggreation performed: 

-- Sum up the number of pages in all books
SELECT SUM(num_pages) AS total_pages
FROM books
2025-02-12 10:16:13.198 | INFO     | __main__:aggregation:37 - Aggreation performed: 

-- Find the average number of pages in all books
SELECT AVG(num_pages) AS avg_pages
FROM books
2025-02-12 10:16:13.198 | INFO     | __main__:aggregation:40 - All aggregations performed
2025-02-12 10:16:49.005 | INFO     | utils_logger:<module>:41 - Logging to file: logs\project_log.log
2025-02-12 10:16:49.006 | INFO     | __main__:aggregation:21 - Aggreation performed: -- Count all books
SELECT COUNT(*) AS num_books
FROM books
2025-02-12 10:16:49.007 | INFO     | __main__:aggregation:21 - Aggreation performed: 

-- Count all authors
SELECT COUNT(*) AS num_authors
FROM authors
2025-02-12 10:16:49.007 | INFO     | __main__:aggregation:21 - Aggreation performed: 

-- Sum up the number of pages in all books
SELECT SUM(num_pages) AS total_pages
FROM books
2025-02-12 10:16:49.008 | INFO     | __main__:aggregation:21 - Aggreation performed: 

-- Find the average number of pages in all books
SELECT AVG(num_pages) AS avg_pages
FROM books
2025-02-12 10:16:49.008 | INFO     | __main__:aggregation:23 - All aggregations performed
2025-02-12 11:46:05.402 | INFO     | utils_logger:<module>:41 - Logging to file: logs\project_log.log
2025-02-12 11:46:05.403 | INFO     | __main__:aggregation:21 - Aggreation performed: -- Count all books
SELECT COUNT(*) AS num_books
FROM books
2025-02-12 11:46:05.403 | INFO     | __main__:aggregation:21 - Aggreation performed: 

-- Count all authors
SELECT COUNT(*) AS num_authors
FROM authors
2025-02-12 11:46:05.404 | INFO     | __main__:aggregation:21 - Aggreation performed: 

-- Sum up the number of pages in all books
SELECT SUM(num_pages) AS total_pages
FROM books
2025-02-12 11:46:05.404 | INFO     | __main__:aggregation:21 - Aggreation performed: 

-- Find the average number of pages in all books
SELECT AVG(num_pages) AS avg_pages
FROM books
2025-02-12 11:46:05.405 | INFO     | __main__:aggregation:23 - All aggregations performed
2025-02-12 11:46:05.411 | INFO     | __main__:filter:42 - Filtering performed: -- Filter authors by year born
SELECT * FROM authors WHERE year_born < 1900
2025-02-12 11:46:05.412 | INFO     | __main__:filter:42 - Filtering performed: 

-- Filter books by page count
SELECT * FROM books WHERE num_pages > 200 AND num_pages < 500
2025-02-12 11:46:05.412 | INFO     | __main__:filter:44 - All filters performed
2025-02-12 11:49:26.554 | INFO     | utils_logger:<module>:41 - Logging to file: logs\project_log.log
2025-02-12 11:49:26.555 | INFO     | __main__:aggregation:21 - Aggreation performed: -- Count all books
SELECT COUNT(*) AS num_books
FROM books
2025-02-12 11:49:26.556 | INFO     | __main__:aggregation:21 - Aggreation performed: 

-- Count all authors
SELECT COUNT(*) AS num_authors
FROM authors
2025-02-12 11:49:26.556 | INFO     | __main__:aggregation:21 - Aggreation performed: 

-- Sum up the number of pages in all books
SELECT SUM(num_pages) AS total_pages
FROM books
2025-02-12 11:49:26.557 | INFO     | __main__:aggregation:21 - Aggreation performed: 

-- Find the average number of pages in all books
SELECT AVG(num_pages) AS avg_pages
FROM books
2025-02-12 11:49:26.558 | INFO     | __main__:aggregation:23 - All aggregations performed
2025-02-12 11:49:26.564 | INFO     | __main__:filter:42 - Filtering performed: -- Filter authors by year born
SELECT * FROM authors WHERE year_born < 1900
2025-02-12 11:49:26.564 | INFO     | __main__:filter:42 - Filtering performed: 

-- Filter books by page count
SELECT * FROM books WHERE num_pages > 200 AND num_pages < 500
2025-02-12 11:49:26.564 | INFO     | __main__:filter:44 - All filters performed
2025-02-12 11:49:26.570 | INFO     | __main__:sorting:63 - Sorting performed: -- Sort books by number of pages in descending order
SELECT * FROM books ORDER BY num_pages DESC
2025-02-12 11:49:26.571 | INFO     | __main__:sorting:63 - Sorting performed: 

-- Sort authors by year born in ascending order
SELECT * FROM authors ORDER BY year_born ASC
2025-02-12 11:49:26.571 | INFO     | __main__:sorting:65 - All sorts performed
2025-02-12 12:05:05.476 | INFO     | utils_logger:<module>:41 - Logging to file: logs\project_log.log
2025-02-12 12:05:05.477 | INFO     | __main__:aggregation:21 - Aggreation performed: -- Count all books
SELECT COUNT(*) AS num_books
FROM books
2025-02-12 12:05:05.477 | INFO     | __main__:aggregation:21 - Aggreation performed: 

-- Count all authors
SELECT COUNT(*) AS num_authors
FROM authors
2025-02-12 12:05:05.478 | INFO     | __main__:aggregation:21 - Aggreation performed: 

-- Sum up the number of pages in all books
SELECT SUM(num_pages) AS total_pages
FROM books
2025-02-12 12:05:05.479 | INFO     | __main__:aggregation:21 - Aggreation performed: 

-- Find the average number of pages in all books
SELECT AVG(num_pages) AS avg_pages
FROM books
2025-02-12 12:05:05.479 | INFO     | __main__:aggregation:23 - All aggregations performed
2025-02-12 12:05:05.485 | INFO     | __main__:filter:42 - Filtering performed: -- Filter authors by year born
SELECT * FROM authors WHERE year_born < 1900
2025-02-12 12:05:05.486 | INFO     | __main__:filter:42 - Filtering performed: 

-- Filter books by page count
SELECT * FROM books WHERE num_pages > 200 AND num_pages < 500
2025-02-12 12:05:05.486 | INFO     | __main__:filter:44 - All filters performed
2025-02-12 12:05:05.492 | INFO     | __main__:sorting:63 - Sorting performed: -- Sort books by number of pages in descending order
SELECT * FROM books ORDER BY num_pages DESC
2025-02-12 12:05:05.492 | INFO     | __main__:sorting:63 - Sorting performed: 

-- Sort authors by year born in ascending order
SELECT * FROM authors ORDER BY year_born ASC
2025-02-12 12:05:05.493 | INFO     | __main__:sorting:65 - All sorts performed
2025-02-12 12:05:24.256 | INFO     | utils_logger:<module>:41 - Logging to file: logs\project_log.log
2025-02-12 12:05:24.258 | INFO     | __main__:aggregation:21 - Aggreation performed: -- Count all books
SELECT COUNT(*) AS num_books
FROM books
2025-02-12 12:05:24.258 | INFO     | __main__:aggregation:21 - Aggreation performed: 

-- Count all authors
SELECT COUNT(*) AS num_authors
FROM authors
2025-02-12 12:05:24.259 | INFO     | __main__:aggregation:21 - Aggreation performed: 

-- Sum up the number of pages in all books
SELECT SUM(num_pages) AS total_pages
FROM books
2025-02-12 12:05:24.259 | INFO     | __main__:aggregation:21 - Aggreation performed: 

-- Find the average number of pages in all books
SELECT AVG(num_pages) AS avg_pages
FROM books
2025-02-12 12:05:24.259 | INFO     | __main__:aggregation:23 - All aggregations performed
2025-02-12 12:05:24.265 | INFO     | __main__:filter:42 - Filtering performed: -- Filter authors by year born
SELECT * FROM authors WHERE year_born < 1900
2025-02-12 12:05:24.266 | INFO     | __main__:filter:42 - Filtering performed: 

-- Filter books by page count
SELECT * FROM books WHERE num_pages > 200 AND num_pages < 500
2025-02-12 12:05:24.266 | INFO     | __main__:filter:44 - All filters performed
2025-02-12 12:05:24.272 | INFO     | __main__:sorting:63 - Sorting performed: -- Sort books by number of pages in descending order
SELECT * FROM books ORDER BY num_pages DESC
2025-02-12 12:05:24.272 | INFO     | __main__:sorting:63 - Sorting performed: 

-- Sort authors by year born in ascending order
SELECT * FROM authors ORDER BY year_born ASC
2025-02-12 12:05:24.273 | INFO     | __main__:sorting:65 - All sorts performed
2025-02-12 12:05:24.278 | INFO     | __main__:grouping:84 - Grouping performed: -- Group books by range of number of pages
SELECT COUNT(*) AS num_books, 
       CASE
           WHEN num_pages < 200 THEN '0-199'
           WHEN num_pages < 400 THEN '200-399'
           ELSE '400+'
       END AS page_range
FROM books
GROUP BY page_range
2025-02-12 12:05:24.278 | INFO     | __main__:grouping:86 - All groups performed
2025-02-12 12:12:34.160 | INFO     | utils_logger:<module>:41 - Logging to file: logs\project_log.log
2025-02-12 12:12:34.161 | INFO     | __main__:aggregation:21 - Aggreation performed: -- Count all books
SELECT COUNT(*) AS num_books
FROM books
2025-02-12 12:12:34.162 | INFO     | __main__:aggregation:21 - Aggreation performed: 

-- Count all authors
SELECT COUNT(*) AS num_authors
FROM authors
2025-02-12 12:12:34.162 | INFO     | __main__:aggregation:21 - Aggreation performed: 

-- Sum up the number of pages in all books
SELECT SUM(num_pages) AS total_pages
FROM books
2025-02-12 12:12:34.162 | INFO     | __main__:aggregation:21 - Aggreation performed: 

-- Find the average number of pages in all books
SELECT AVG(num_pages) AS avg_pages
FROM books
2025-02-12 12:12:34.163 | INFO     | __main__:aggregation:23 - All aggregations performed
2025-02-12 12:12:34.169 | INFO     | __main__:filter:42 - Filtering performed: -- Filter authors by year born
SELECT * FROM authors WHERE year_born < 1900
2025-02-12 12:12:34.170 | INFO     | __main__:filter:42 - Filtering performed: 

-- Filter books by page count
SELECT * FROM books WHERE num_pages > 200 AND num_pages < 500
2025-02-12 12:12:34.170 | INFO     | __main__:filter:44 - All filters performed
2025-02-12 12:12:34.176 | INFO     | __main__:sorting:63 - Sorting performed: -- Sort books by number of pages in descending order
SELECT * FROM books ORDER BY num_pages DESC
2025-02-12 12:12:34.176 | INFO     | __main__:sorting:63 - Sorting performed: 

-- Sort authors by year born in ascending order
SELECT * FROM authors ORDER BY year_born ASC
2025-02-12 12:12:34.176 | INFO     | __main__:sorting:65 - All sorts performed
2025-02-12 12:12:34.183 | INFO     | __main__:grouping:84 - Grouping performed: -- Group books by range of number of pages
SELECT COUNT(*) AS num_books, 
       CASE
           WHEN num_pages < 200 THEN '0-199'
           WHEN num_pages < 400 THEN '200-399'
           ELSE '400+'
       END AS page_range
FROM books
GROUP BY page_range
2025-02-12 12:12:34.183 | INFO     | __main__:grouping:86 - All groups performed
2025-02-12 12:12:34.186 | INFO     | __main__:join:105 - Join performed: -- Join the tables to select all authors, and the release dates of their books
SELECT authors.author_id, books.year_published
FROM authors
LEFT JOIN books ON authors.author_id = books.author_id
2025-02-12 12:12:34.186 | INFO     | __main__:join:107 - All joins performed
2025-02-12 12:13:23.984 | INFO     | utils_logger:<module>:41 - Logging to file: logs\project_log.log
2025-02-12 12:13:23.985 | INFO     | __main__:aggregation:21 - Aggreation performed: -- Count all books
SELECT COUNT(*) AS num_books
FROM books
2025-02-12 12:13:23.985 | INFO     | __main__:aggregation:21 - Aggreation performed: 

-- Count all authors
SELECT COUNT(*) AS num_authors
FROM authors
2025-02-12 12:13:23.986 | INFO     | __main__:aggregation:21 - Aggreation performed: 

-- Sum up the number of pages in all books
SELECT SUM(num_pages) AS total_pages
FROM books
2025-02-12 12:13:23.986 | INFO     | __main__:aggregation:21 - Aggreation performed: 

-- Find the average number of pages in all books
SELECT AVG(num_pages) AS avg_pages
FROM books
2025-02-12 12:13:23.986 | INFO     | __main__:aggregation:23 - All aggregations performed
2025-02-12 12:13:23.993 | INFO     | __main__:filter:42 - Filtering performed: -- Filter authors by year born
SELECT * FROM authors WHERE year_born < 1900
2025-02-12 12:13:23.993 | INFO     | __main__:filter:42 - Filtering performed: 

-- Filter books by page count
SELECT * FROM books WHERE num_pages > 200 AND num_pages < 500
2025-02-12 12:13:23.994 | INFO     | __main__:filter:44 - All filters performed
2025-02-12 12:13:23.999 | INFO     | __main__:sorting:63 - Sorting performed: -- Sort books by number of pages in descending order
SELECT * FROM books ORDER BY num_pages DESC
2025-02-12 12:13:24.000 | INFO     | __main__:sorting:63 - Sorting performed: 

-- Sort authors by year born in ascending order
SELECT * FROM authors ORDER BY year_born ASC
2025-02-12 12:13:24.000 | INFO     | __main__:sorting:65 - All sorts performed
2025-02-12 12:13:24.005 | INFO     | __main__:grouping:84 - Grouping performed: -- Group books by range of number of pages
SELECT COUNT(*) AS num_books, 
       CASE
           WHEN num_pages < 200 THEN '0-199'
           WHEN num_pages < 400 THEN '200-399'
           ELSE '400+'
       END AS page_range
FROM books
GROUP BY page_range
2025-02-12 12:13:24.005 | INFO     | __main__:grouping:86 - All groups performed
2025-02-12 12:13:24.007 | INFO     | __main__:join:105 - Join performed: -- Join the tables to select all authors, and the release dates of their books
SELECT authors.last, books.year_published
FROM authors
LEFT JOIN books ON authors.author_id = books.author_id
2025-02-12 12:13:24.008 | INFO     | __main__:join:107 - All joins performed
2025-02-12 12:13:57.768 | INFO     | utils_logger:<module>:41 - Logging to file: logs\project_log.log
2025-02-12 12:13:57.769 | INFO     | __main__:aggregation:21 - Aggreation performed: -- Count all books
SELECT COUNT(*) AS num_books
FROM books
2025-02-12 12:13:57.770 | INFO     | __main__:aggregation:21 - Aggreation performed: 

-- Count all authors
SELECT COUNT(*) AS num_authors
FROM authors
2025-02-12 12:13:57.770 | INFO     | __main__:aggregation:21 - Aggreation performed: 

-- Sum up the number of pages in all books
SELECT SUM(num_pages) AS total_pages
FROM books
2025-02-12 12:13:57.771 | INFO     | __main__:aggregation:21 - Aggreation performed: 

-- Find the average number of pages in all books
SELECT AVG(num_pages) AS avg_pages
FROM books
2025-02-12 12:13:57.771 | INFO     | __main__:aggregation:23 - All aggregations performed
2025-02-12 12:13:57.777 | INFO     | __main__:filter:42 - Filtering performed: -- Filter authors by year born
SELECT * FROM authors WHERE year_born < 1900
2025-02-12 12:13:57.778 | INFO     | __main__:filter:42 - Filtering performed: 

-- Filter books by page count
SELECT * FROM books WHERE num_pages > 200 AND num_pages < 500
2025-02-12 12:13:57.778 | INFO     | __main__:filter:44 - All filters performed
2025-02-12 12:13:57.784 | INFO     | __main__:sorting:63 - Sorting performed: -- Sort books by number of pages in descending order
SELECT * FROM books ORDER BY num_pages DESC
2025-02-12 12:13:57.784 | INFO     | __main__:sorting:63 - Sorting performed: 

-- Sort authors by year born in ascending order
SELECT * FROM authors ORDER BY year_born ASC
2025-02-12 12:13:57.784 | INFO     | __main__:sorting:65 - All sorts performed
2025-02-12 12:13:57.789 | INFO     | __main__:grouping:84 - Grouping performed: -- Group books by range of number of pages
SELECT COUNT(*) AS num_books, 
       CASE
           WHEN num_pages < 200 THEN '0-199'
           WHEN num_pages < 400 THEN '200-399'
           ELSE '400+'
       END AS page_range
FROM books
GROUP BY page_range
2025-02-12 12:13:57.790 | INFO     | __main__:grouping:86 - All groups performed
2025-02-12 12:13:57.791 | INFO     | __main__:join:105 - Join performed: -- Join the tables to select all authors, and the release dates of their books
SELECT authors.last, books.year_published
FROM authors
LEFT JOIN books ON authors.author_id = books.author_id
2025-02-12 12:14:21.434 | INFO     | utils_logger:<module>:41 - Logging to file: logs\project_log.log
2025-02-12 12:14:21.435 | INFO     | __main__:aggregation:21 - Aggreation performed: -- Count all books
SELECT COUNT(*) AS num_books
FROM books
2025-02-12 12:14:21.436 | INFO     | __main__:aggregation:21 - Aggreation performed: 

-- Count all authors
SELECT COUNT(*) AS num_authors
FROM authors
2025-02-12 12:14:21.436 | INFO     | __main__:aggregation:21 - Aggreation performed: 

-- Sum up the number of pages in all books
SELECT SUM(num_pages) AS total_pages
FROM books
2025-02-12 12:14:21.437 | INFO     | __main__:aggregation:21 - Aggreation performed: 

-- Find the average number of pages in all books
SELECT AVG(num_pages) AS avg_pages
FROM books
2025-02-12 12:14:21.437 | INFO     | __main__:aggregation:23 - All aggregations performed
2025-02-12 12:14:21.443 | INFO     | __main__:filter:42 - Filtering performed: -- Filter authors by year born
SELECT * FROM authors WHERE year_born < 1900
2025-02-12 12:14:21.444 | INFO     | __main__:filter:42 - Filtering performed: 

-- Filter books by page count
SELECT * FROM books WHERE num_pages > 200 AND num_pages < 500
2025-02-12 12:14:21.444 | INFO     | __main__:filter:44 - All filters performed
2025-02-12 12:14:21.449 | INFO     | __main__:sorting:63 - Sorting performed: -- Sort books by number of pages in descending order
SELECT * FROM books ORDER BY num_pages DESC
2025-02-12 12:14:21.450 | INFO     | __main__:sorting:63 - Sorting performed: 

-- Sort authors by year born in ascending order
SELECT * FROM authors ORDER BY year_born ASC
2025-02-12 12:14:21.450 | INFO     | __main__:sorting:65 - All sorts performed
2025-02-12 12:14:21.455 | INFO     | __main__:grouping:84 - Grouping performed: -- Group books by range of number of pages
SELECT COUNT(*) AS num_books, 
       CASE
           WHEN num_pages < 200 THEN '0-199'
           WHEN num_pages < 400 THEN '200-399'
           ELSE '400+'
       END AS page_range
FROM books
GROUP BY page_range
2025-02-12 12:14:21.455 | INFO     | __main__:grouping:86 - All groups performed
2025-02-12 12:14:21.457 | INFO     | __main__:join:105 - Join performed: -- Join the tables to select all authors, and the release dates of their books
SELECT authors.last, books.year_published
FROM authors
LEFT JOIN books ON authors.author_id = books.author_id
2025-02-12 12:14:40.408 | INFO     | utils_logger:<module>:41 - Logging to file: logs\project_log.log
2025-02-12 12:14:40.409 | INFO     | __main__:aggregation:21 - Aggreation performed: -- Count all books
SELECT COUNT(*) AS num_books
FROM books
2025-02-12 12:14:40.410 | INFO     | __main__:aggregation:21 - Aggreation performed: 

-- Count all authors
SELECT COUNT(*) AS num_authors
FROM authors
2025-02-12 12:14:40.411 | INFO     | __main__:aggregation:21 - Aggreation performed: 

-- Sum up the number of pages in all books
SELECT SUM(num_pages) AS total_pages
FROM books
2025-02-12 12:14:40.411 | INFO     | __main__:aggregation:21 - Aggreation performed: 

-- Find the average number of pages in all books
SELECT AVG(num_pages) AS avg_pages
FROM books
2025-02-12 12:14:40.411 | INFO     | __main__:aggregation:23 - All aggregations performed
2025-02-12 12:14:40.417 | INFO     | __main__:filter:42 - Filtering performed: -- Filter authors by year born
SELECT * FROM authors WHERE year_born < 1900
2025-02-12 12:14:40.417 | INFO     | __main__:filter:42 - Filtering performed: 

-- Filter books by page count
SELECT * FROM books WHERE num_pages > 200 AND num_pages < 500
2025-02-12 12:14:40.418 | INFO     | __main__:filter:44 - All filters performed
2025-02-12 12:14:40.423 | INFO     | __main__:sorting:63 - Sorting performed: -- Sort books by number of pages in descending order
SELECT * FROM books ORDER BY num_pages DESC
2025-02-12 12:14:40.423 | INFO     | __main__:sorting:63 - Sorting performed: 

-- Sort authors by year born in ascending order
SELECT * FROM authors ORDER BY year_born ASC
2025-02-12 12:14:40.424 | INFO     | __main__:sorting:65 - All sorts performed
2025-02-12 12:14:40.429 | INFO     | __main__:grouping:84 - Grouping performed: -- Group books by range of number of pages
SELECT COUNT(*) AS num_books, 
       CASE
           WHEN num_pages < 200 THEN '0-199'
           WHEN num_pages < 400 THEN '200-399'
           ELSE '400+'
       END AS page_range
FROM books
GROUP BY page_range
2025-02-12 12:14:40.429 | INFO     | __main__:grouping:86 - All groups performed
2025-02-12 12:14:40.431 | INFO     | __main__:join:105 - Join performed: -- Join the tables to select all authors, and the release dates of their books
SELECT authors.last, books.year_published
FROM authors
LEFT JOIN books ON authors.author_id = books.author_id
2025-02-12 12:15:10.856 | INFO     | utils_logger:<module>:41 - Logging to file: logs\project_log.log
2025-02-12 12:15:10.857 | INFO     | __main__:aggregation:21 - Aggreation performed: -- Count all books
SELECT COUNT(*) AS num_books
FROM books
2025-02-12 12:15:10.858 | INFO     | __main__:aggregation:21 - Aggreation performed: 

-- Count all authors
SELECT COUNT(*) AS num_authors
FROM authors
2025-02-12 12:15:10.858 | INFO     | __main__:aggregation:21 - Aggreation performed: 

-- Sum up the number of pages in all books
SELECT SUM(num_pages) AS total_pages
FROM books
2025-02-12 12:15:10.859 | INFO     | __main__:aggregation:21 - Aggreation performed: 

-- Find the average number of pages in all books
SELECT AVG(num_pages) AS avg_pages
FROM books
2025-02-12 12:15:10.859 | INFO     | __main__:aggregation:23 - All aggregations performed
2025-02-12 12:15:10.865 | INFO     | __main__:filter:42 - Filtering performed: -- Filter authors by year born
SELECT * FROM authors WHERE year_born < 1900
2025-02-12 12:15:10.866 | INFO     | __main__:filter:42 - Filtering performed: 

-- Filter books by page count
SELECT * FROM books WHERE num_pages > 200 AND num_pages < 500
2025-02-12 12:15:10.866 | INFO     | __main__:filter:44 - All filters performed
2025-02-12 12:15:10.871 | INFO     | __main__:sorting:63 - Sorting performed: -- Sort books by number of pages in descending order
SELECT * FROM books ORDER BY num_pages DESC
2025-02-12 12:15:10.872 | INFO     | __main__:sorting:63 - Sorting performed: 

-- Sort authors by year born in ascending order
SELECT * FROM authors ORDER BY year_born ASC
2025-02-12 12:15:10.872 | INFO     | __main__:sorting:65 - All sorts performed
2025-02-12 12:15:10.877 | INFO     | __main__:grouping:84 - Grouping performed: -- Group books by range of number of pages
SELECT COUNT(*) AS num_books, 
       CASE
           WHEN num_pages < 200 THEN '0-199'
           WHEN num_pages < 400 THEN '200-399'
           ELSE '400+'
       END AS page_range
FROM books
GROUP BY page_range
2025-02-12 12:15:10.878 | INFO     | __main__:grouping:86 - All groups performed
2025-02-12 12:15:10.880 | INFO     | __main__:join:105 - Join performed: -- Join the tables to select all authors, and the release dates of their books
SELECT authors.last, books.year_published
FROM authors
LEFT JOIN books ON authors.author_id = books.author_id
ORDER BY books.year_published DESC
2025-02-12 12:15:10.880 | INFO     | __main__:join:107 - All joins performed
